<?xml version="1.0" encoding="UTF-8"?>
<!-- Generated by org.testng.reporters.JUnitXMLReporter -->
<testsuite ignored="0" hostname="LAPTOP-JUV704CS" failures="0" tests="2" name="Test" time="0.087" errors="0" timestamp="2026-04-30T14:32:57 IST">
  <testcase classname="BaseTest.BaseClass" name="@BeforeMethod beforeMethod" time="0.002">
    <failure type="java.lang.NullPointerException" message="Cannot invoke &amp;quot;org.openqa.selenium.WebDriver.manage()&amp;quot; because &amp;quot;this.driver&amp;quot; is null">
      <![CDATA[java.lang.NullPointerException: Cannot invoke "org.openqa.selenium.WebDriver.manage()" because "this.driver" is null
at BaseTest.BaseClass.beforeMethod(BaseClass.java:69)
at java.base/java.util.ArrayList.forEach(ArrayList.java:1596)
... Removed 29 stack frames]]>
    </failure>
  </testcase> <!-- @BeforeMethod beforeMethod -->
  <testcase classname="BaseTest.BaseClass" name="@AfterMethod afterMethod" time="0.0">
    <skipped/>
  </testcase> <!-- @AfterMethod afterMethod -->
  <testcase classname="BaseTest.BaseClass" name="@BeforeMethod beforeMethod" time="0.0">
    <skipped/>
  </testcase> <!-- @BeforeMethod beforeMethod -->
  <testcase classname="BaseTest.BaseClass" name="@AfterMethod afterMethod" time="0.0">
    <skipped/>
  </testcase> <!-- @AfterMethod afterMethod -->
  <testcase classname="BaseTest.BaseClass" name="@AfterClass afterClass" time="0.0">
    <skipped/>
  </testcase> <!-- @AfterClass afterClass -->
  <testcase classname="Campaign.CampaignTest" name="toCreateCampaignWithExpDateTest" time="0.0">
    <skipped/>
  </testcase> <!-- toCreateCampaignWithExpDateTest -->
  <testcase classname="Campaign.CampaignTest" name="toCreateCampaignWithMandatoryFieldTest" time="0.0">
    <skipped/>
  </testcase> <!-- toCreateCampaignWithMandatoryFieldTest -->
</testsuite> <!-- Test -->
