<?xml version="1.0" encoding="UTF-8"?>
<!-- Generated by org.testng.reporters.JUnitReportReporter -->
<testsuite hostname="LAPTOP-JUV704CS" failures="0" tests="3" name="testNG.DependsOnMethod" time="0.011" errors="0" timestamp="2026-04-22T15:13:38 IST" skipped="0">
  <testcase classname="testNG.DependsOnMethod" name="delete" time="0.001">
    <system-out>
      <![CDATA[delete]]>
    </system-out>
  </testcase> <!-- delete -->
  <testcase classname="testNG.DependsOnMethod" name="edit" time="0.001">
    <system-out>
      <![CDATA[edit]]>
    </system-out>
  </testcase> <!-- edit -->
  <testcase classname="testNG.DependsOnMethod" name="create" time="0.009">
    <system-out>
      <![CDATA[create]]>
    </system-out>
  </testcase> <!-- create -->
  <system-out>
    <![CDATA[create
edit
delete]]>
  </system-out>
</testsuite> <!-- testNG.DependsOnMethod -->
