<?xml version="1.0" encoding="UTF-8"?>
<!-- Generated by org.testng.reporters.JUnitReportReporter -->
<testsuite hostname="LAPTOP-JUV704CS" failures="0" tests="4" name="testNG.Demo1" time="0.014" errors="0" timestamp="2026-04-21T15:18:08 IST" skipped="0">
  <testcase classname="testNG.Demo1" name="a10" time="0.012">
    <system-out>
      <![CDATA[a10]]>
    </system-out>
  </testcase> <!-- a10 -->
  <testcase classname="testNG.Demo1" name="a11" time="0.001">
    <system-out>
      <![CDATA[a11]]>
    </system-out>
  </testcase> <!-- a11 -->
  <testcase classname="testNG.Demo1" name="a9" time="0.001">
    <system-out>
      <![CDATA[a9]]>
    </system-out>
  </testcase> <!-- a9 -->
  <testcase classname="testNG.Demo1" name="a20" time="0.000">
    <system-out>
      <![CDATA[a20]]>
    </system-out>
  </testcase> <!-- a20 -->
  <system-out>
    <![CDATA[a10
a11
a20
a9]]>
  </system-out>
</testsuite> <!-- testNG.Demo1 -->
