<?xml version="1.0" encoding="UTF-8"?>
<!-- Generated by org.testng.reporters.JUnitReportReporter -->
<testsuite hostname="LAPTOP-JUV704CS" failures="0" tests="4" name="testNG.Demo2" time="0.014" errors="0" timestamp="2026-04-21T15:20:10 IST" skipped="0">
  <testcase classname="testNG.Demo2" name="amazon" time="0.010">
    <system-out>
      <![CDATA[amazon]]>
    </system-out>
  </testcase> <!-- amazon -->
  <testcase classname="testNG.Demo2" name="baskinrobbin" time="0.001">
    <system-out>
      <![CDATA[baskinrobbin]]>
    </system-out>
  </testcase> <!-- baskinrobbin -->
  <testcase classname="testNG.Demo2" name="cricbuzz" time="0.002">
    <system-out>
      <![CDATA[cricbuzz]]>
    </system-out>
  </testcase> <!-- cricbuzz -->
  <testcase classname="testNG.Demo2" name="bigbasket" time="0.001">
    <system-out>
      <![CDATA[bigbasket]]>
    </system-out>
  </testcase> <!-- bigbasket -->
  <system-out>
    <![CDATA[amazon
baskinrobbin
bigbasket
cricbuzz]]>
  </system-out>
</testsuite> <!-- testNG.Demo2 -->
