<?xml version="1.0" encoding="UTF-8"?>
<!-- Generated by org.testng.reporters.JUnitReportReporter -->
<testsuite hostname="LAPTOP-JUV704CS" failures="0" tests="3" name="testNG.Demo" time="0.039" errors="0" timestamp="2026-04-22T14:23:51 IST" skipped="0">
  <testcase classname="testNG.Demo" name="mul" time="0.029">
    <system-out>
      <![CDATA[mul]]>
    </system-out>
  </testcase> <!-- mul -->
  <testcase classname="testNG.Demo" name="sub" time="0.005">
    <system-out>
      <![CDATA[sub]]>
    </system-out>
  </testcase> <!-- sub -->
  <testcase classname="testNG.Demo" name="add" time="0.005">
    <system-out>
      <![CDATA[add]]>
    </system-out>
  </testcase> <!-- add -->
  <system-out>
    <![CDATA[mul
sub
add]]>
  </system-out>
</testsuite> <!-- testNG.Demo -->
