<?xml version="1.0" encoding="UTF-8"?>
<!-- Generated by org.testng.reporters.JUnitReportReporter -->
<testsuite hostname="LAPTOP-JUV704CS" failures="0" tests="4" name="testNG.Enabled" time="0.010" errors="0" timestamp="2026-04-22T14:53:43 IST" skipped="1">
  <testcase classname="testNG.Enabled" name="a" time="0.008">
    <system-out>
      <![CDATA[a]]>
    </system-out>
  </testcase> <!-- a -->
  <testcase classname="testNG.Enabled" name="c" time="0.002">
    <system-out>
      <![CDATA[c]]>
    </system-out>
  </testcase> <!-- c -->
  <testcase classname="testNG.Enabled" name="d" time="0.000">
    <system-out>
      <![CDATA[d]]>
    </system-out>
  </testcase> <!-- d -->
  <testcase classname="testNG.Enabled" name="b">
    <skipped/>
  </testcase> <!-- b -->
  <system-out>
    <![CDATA[a
c
d]]>
  </system-out>
</testsuite> <!-- testNG.Enabled -->
