<?xml version="1.0" encoding="UTF-8"?>
<!-- Generated by org.testng.reporters.JUnitReportReporter -->
<testsuite hostname="LAPTOP-JUV704CS" failures="0" tests="5" name="testNG.InvocationCount" time="11.034" errors="0" timestamp="2026-04-22T14:34:24 IST" skipped="0">
  <testcase classname="testNG.InvocationCount" name="login1" time="2.068"/>
  <testcase classname="testNG.InvocationCount" name="login" time="2.100"/>
  <testcase classname="testNG.InvocationCount" name="login" time="2.091"/>
  <testcase classname="testNG.InvocationCount" name="login1" time="2.110"/>
  <testcase classname="testNG.InvocationCount" name="login" time="2.665"/>
</testsuite> <!-- testNG.InvocationCount -->
