<?xml version="1.0" encoding="UTF-8"?>
<!-- Generated by org.testng.reporters.JUnitReportReporter -->
<testsuite hostname="LAPTOP-JUV704CS" failures="0" tests="4" name="testNG.Demo3" time="0.011" errors="0" timestamp="2026-04-21T15:31:28 IST" skipped="0">
  <testcase classname="testNG.Demo3" name="Apple" time="0.008">
    <system-out>
      <![CDATA[Apple]]>
    </system-out>
  </testcase> <!-- Apple -->
  <testcase classname="testNG.Demo3" name="Pear" time="0.001">
    <system-out>
      <![CDATA[Pear]]>
    </system-out>
  </testcase> <!-- Pear -->
  <testcase classname="testNG.Demo3" name="guava" time="0.001">
    <system-out>
      <![CDATA[guava]]>
    </system-out>
  </testcase> <!-- guava -->
  <testcase classname="testNG.Demo3" name="banana" time="0.001">
    <system-out>
      <![CDATA[banana]]>
    </system-out>
  </testcase> <!-- banana -->
  <system-out>
    <![CDATA[Apple
Pear
banana
guava]]>
  </system-out>
</testsuite> <!-- testNG.Demo3 -->
