<?xml version="1.0" encoding="UTF-8"?>
<!-- Generated by org.testng.reporters.JUnitReportReporter -->
<testsuite hostname="LAPTOP-JUV704CS" failures="0" tests="3" name="testNG.dataProvider" time="0.029" errors="0" timestamp="2026-04-23T14:38:58 IST" skipped="0">
  <testcase classname="testNG.dataProvider" name="login" time="0.002">
    <system-out>
      <![CDATA[Rohit : R045]]>
    </system-out>
  </testcase> <!-- login -->
  <testcase classname="testNG.dataProvider" name="login" time="0.024">
    <system-out>
      <![CDATA[Dhoni : D007]]>
    </system-out>
  </testcase> <!-- login -->
  <testcase classname="testNG.dataProvider" name="login" time="0.003">
    <system-out>
      <![CDATA[Virat : V018]]>
    </system-out>
  </testcase> <!-- login -->
  <system-out>
    <![CDATA[Dhoni : D007
Virat : V018
Rohit : R045]]>
  </system-out>
</testsuite> <!-- testNG.dataProvider -->
