<?xml version="1.0" encoding="UTF-8"?>
<!-- Generated by org.testng.reporters.JUnitReportReporter -->
<testsuite hostname="LAPTOP-JUV704CS" failures="0" tests="5" name="testNG.ThreadPoolSize" time="12.174" errors="0" timestamp="2026-04-22T14:45:55 IST" skipped="0">
  <testcase classname="testNG.ThreadPoolSize" name="login" time="2.934"/>
  <testcase classname="testNG.ThreadPoolSize" name="login" time="2.934"/>
  <testcase classname="testNG.ThreadPoolSize" name="login1" time="2.114"/>
  <testcase classname="testNG.ThreadPoolSize" name="login1" time="2.085"/>
  <testcase classname="testNG.ThreadPoolSize" name="login" time="2.107"/>
</testsuite> <!-- testNG.ThreadPoolSize -->
